# JRE version: Java(TM) SE Runtime Environment (8.0_131-b11) (build 1.8.0_131-b11)
# Java VM: Java HotSpot(TM) 64-Bit Server VM (25.131-b11 mixed mode linux-amd64 compressed oops)
Heap:
 def new generation   total 19008K, used 17569K [0x00000000c2400000, 0x00000000c38a0000, 0x00000000d6d50000)
  eden space 16896K,  94% used [0x00000000c2400000, 0x00000000c3389bc0, 0x00000000c3480000)
  from space 2112K,  78% used [0x00000000c3480000, 0x00000000c361eb80, 0x00000000c3690000)
  to   space 2112K,   0% used [0x00000000c3690000, 0x00000000c3690000, 0x00000000c38a0000)
 tenured generation   total 42368K, used 5068K [0x00000000d6d50000, 0x00000000d96b0000, 0x0000000100000000)
   the space 42368K,  11% used [0x00000000d6d50000, 0x00000000d7243070, 0x00000000d7243200, 0x00000000d96b0000)
 Metaspace       used 15289K, capacity 16244K, committed 16384K, reserved 1062912K
  class space    used 2313K, capacity 2505K, committed 2560K, reserved 1048576K
GC Heap History (4 events):
Event: 0,786 GC heap before
{Heap before GC invocations=0 (full 0):
 def new generation   total 19008K, used 16896K [0x00000000c2400000, 0x00000000c38a0000, 0x00000000d6d50000)
  eden space 16896K, 100% used [0x00000000c2400000, 0x00000000c3480000, 0x00000000c3480000)
  from space 2112K,   0% used [0x00000000c3480000, 0x00000000c3480000, 0x00000000c3690000)
  to   space 2112K,   0% used [0x00000000c3690000, 0x00000000c3690000, 0x00000000c38a0000)
 tenured generation   total 42368K, used 0K [0x00000000d6d50000, 0x00000000d96b0000, 0x0000000100000000)
   the space 42368K,   0% used [0x00000000d6d50000, 0x00000000d6d50000, 0x00000000d6d50200, 0x00000000d96b0000)
 Metaspace       used 10118K, capacity 10474K, committed 10752K, reserved 1058816K
  class space    used 1360K, capacity 1452K, committed 1536K, reserved 1048576K
Event: 0,792 GC heap after
Heap after GC invocations=1 (full 0):
 def new generation   total 19008K, used 2112K [0x00000000c2400000, 0x00000000c38a0000, 0x00000000d6d50000)
  eden space 16896K,   0% used [0x00000000c2400000, 0x00000000c2400000, 0x00000000c3480000)
  from space 2112K, 100% used [0x00000000c3690000, 0x00000000c38a0000, 0x00000000c38a0000)
  to   space 2112K,   0% used [0x00000000c3480000, 0x00000000c3480000, 0x00000000c3690000)
 tenured generation   total 42368K, used 811K [0x00000000d6d50000, 0x00000000d96b0000, 0x0000000100000000)
   the space 42368K,   1% used [0x00000000d6d50000, 0x00000000d6e1ad00, 0x00000000d6e1ae00, 0x00000000d96b0000)
 Metaspace       used 10118K, capacity 10474K, committed 10752K, reserved 1058816K
  class space    used 1360K, capacity 1452K, committed 1536K, reserved 1048576K
}
Event: 1,174 GC heap before
{Heap before GC invocations=1 (full 0):
 def new generation   total 19008K, used 11739K [0x00000000c2400000, 0x00000000c38a0000, 0x00000000d6d50000)
  eden space 16896K,  56% used [0x00000000c2400000, 0x00000000c2d66c80, 0x00000000c3480000)
  from space 2112K, 100% used [0x00000000c3690000, 0x00000000c38a0000, 0x00000000c38a0000)
  to   space 2112K,   0% used [0x00000000c3480000, 0x00000000c3480000, 0x00000000c3690000)
 tenured generation   total 42368K, used 811K [0x00000000d6d50000, 0x00000000d96b0000, 0x0000000100000000)
   the space 42368K,   1% used [0x00000000d6d50000, 0x00000000d6e1ad00, 0x00000000d6e1ae00, 0x00000000d96b0000)
 Metaspace       used 12790K, capacity 13384K, committed 13568K, reserved 1060864K
  class space    used 1888K, capacity 2037K, committed 2048K, reserved 1048576K
Event: 1,185 GC heap after
Heap after GC invocations=2 (full 0):
 def new generation   total 19008K, used 1658K [0x00000000c2400000, 0x00000000c38a0000, 0x00000000d6d50000)
  eden space 16896K,   0% used [0x00000000c2400000, 0x00000000c2400000, 0x00000000c3480000)
  from space 2112K,  78% used [0x00000000c3480000, 0x00000000c361eb80, 0x00000000c3690000)
  to   space 2112K,   0% used [0x00000000c3690000, 0x00000000c3690000, 0x00000000c38a0000)
 tenured generation   total 42368K, used 5068K [0x00000000d6d50000, 0x00000000d96b0000, 0x0000000100000000)
   the space 42368K,  11% used [0x00000000d6d50000, 0x00000000d7243070, 0x00000000d7243200, 0x00000000d96b0000)
 Metaspace       used 12790K, capacity 13384K, committed 13568K, reserved 1060864K
  class space    used 1888K, capacity 2037K, committed 2048K, reserved 1048576K
}

